<?xml version="1.0" encoding="UTF-8"?>
<!-- Generated by org.testng.reporters.JUnitReportReporter -->
<testsuite hostname="MAHUM-IKRAM" failures="0" tests="1" name="SumValidation" time="2.540" errors="0" timestamp="2024-06-26T18:42:15 PKT" skipped="0">
  <testcase classname="SumValidation" name="sumOfCourses" time="2.540"/>
  <system-out/>
</testsuite> <!-- SumValidation -->
