<?xml version="1.0" encoding="UTF-8"?>
<!-- Generated by org.testng.reporters.JUnitReportReporter -->
<testsuite hostname="MAHUM-IKRAM" failures="0" tests="3" name="file.DynamicJson" time="5.394" errors="0" timestamp="2024-06-28T11:59:35 PKT" skipped="0">
  <testcase classname="file.DynamicJson" name="addBook" time="3.926"/>
  <system-out/>
  <testcase classname="file.DynamicJson" name="addBook" time="0.776"/>
  <system-out/>
  <testcase classname="file.DynamicJson" name="addBook" time="0.692"/>
  <system-out/>
</testsuite> <!-- file.DynamicJson -->
