<?xml version="1.0" encoding="UTF-8"?>
<!-- Generated by org.testng.reporters.JUnitReportReporter -->
<testsuite hostname="MAHUM-IKRAM" failures="0" tests="3" name="file.DynamicJson" time="4.154" errors="0" timestamp="2024-06-27T15:59:31 PKT" skipped="0">
  <testcase classname="file.DynamicJson" name="addBook" time="0.622"/>
  <system-out/>
  <testcase classname="file.DynamicJson" name="addBook" time="3.174"/>
  <system-out/>
  <testcase classname="file.DynamicJson" name="addBook" time="0.358"/>
  <system-out/>
</testsuite> <!-- file.DynamicJson -->
