<?xml version="1.0" encoding="UTF-8"?>
<!-- Generated by org.testng.reporters.JUnitReportReporter -->
<testsuite hostname="MAHUM-IKRAM" failures="0" tests="1" name="SumValidation" time="1.588" errors="0" timestamp="2024-06-14T15:12:04 PKT" skipped="0">
  <testcase classname="SumValidation" name="sumOfCourses" time="1.588"/>
  <system-out/>
</testsuite> <!-- SumValidation -->
