<?xml version="1.0" encoding="UTF-8"?>
<!-- Generated by org.testng.reporters.JUnitReportReporter -->
<testsuite hostname="MAHUM-IKRAM" failures="0" tests="1" name="file.DynamicJson" time="4.271" errors="0" timestamp="2024-06-24T20:20:49 PKT" skipped="0">
  <testcase classname="file.DynamicJson" name="addBook" time="4.271"/>
  <system-out/>
</testsuite> <!-- file.DynamicJson -->
